# JRE version: Java(TM) SE Runtime Environment (8.0_241-b07) (build 1.8.0_241-b07)
# Java VM: Java HotSpot(TM) 64-Bit Server VM (25.241-b07 mixed mode linux-amd64 compressed oops)
Heap:
 PSYoungGen      total 792576K, used 135536K [0x0000000780000000, 0x00000007bbd00000, 0x00000007c0000000)
  eden space 774144K, 17% used [0x0000000780000000,0x000000078845c2c8,0x00000007af400000)
  from space 18432K, 0% used [0x00000007bab00000,0x00000007bab00000,0x00000007bbd00000)
  to   space 87040K, 0% used [0x00000007b1300000,0x00000007b1300000,0x00000007b6800000)
 ParOldGen       total 1322496K, used 20810K [0x0000000700000000, 0x0000000750b80000, 0x0000000780000000)
  object space 1322496K, 1% used [0x0000000700000000,0x0000000701452820,0x0000000750b80000)
 Metaspace       used 38321K, capacity 38908K, committed 39464K, reserved 1083392K
  class space    used 5684K, capacity 5878K, committed 5928K, reserved 1048576K
GC Heap History (8 events):
Event: 1.035 GC heap before
{Heap before GC invocations=1 (full 0):
 PSYoungGen      total 611840K, used 220417K [0x0000000780000000, 0x00000007aaa80000, 0x00000007c0000000)
  eden space 524800K, 42% used [0x0000000780000000,0x000000078d740620,0x00000007a0080000)
  from space 87040K, 0% used [0x00000007a5580000,0x00000007a5580000,0x00000007aaa80000)
  to   space 87040K, 0% used [0x00000007a0080000,0x00000007a0080000,0x00000007a5580000)
 ParOldGen       total 1398272K, used 0K [0x0000000700000000, 0x0000000755580000, 0x0000000780000000)
  object space 1398272K, 0% used [0x0000000700000000,0x0000000700000000,0x0000000755580000)
 Metaspace       used 20932K, capacity 21060K, committed 21296K, reserved 1067008K
  class space    used 3064K, capacity 3140K, committed 3200K, reserved 1048576K
Event: 1.061 GC heap after
Heap after GC invocations=1 (full 0):
 PSYoungGen      total 611840K, used 17061K [0x0000000780000000, 0x00000007c0000000, 0x00000007c0000000)
  eden space 524800K, 0% used [0x0000000780000000,0x0000000780000000,0x00000007a0080000)
  from space 87040K, 19% used [0x00000007a0080000,0x00000007a1129488,0x00000007a5580000)
  to   space 87040K, 0% used [0x00000007bab00000,0x00000007bab00000,0x00000007c0000000)
 ParOldGen       total 1398272K, used 80K [0x0000000700000000, 0x0000000755580000, 0x0000000780000000)
  object space 1398272K, 0% used [0x0000000700000000,0x0000000700014010,0x0000000755580000)
 Metaspace       used 20932K, capacity 21060K, committed 21296K, reserved 1067008K
  class space    used 3064K, capacity 3140K, committed 3200K, reserved 1048576K
}
Event: 1.061 GC heap before
{Heap before GC invocations=2 (full 1):
 PSYoungGen      total 611840K, used 17061K [0x0000000780000000, 0x00000007c0000000, 0x00000007c0000000)
  eden space 524800K, 0% used [0x0000000780000000,0x0000000780000000,0x00000007a0080000)
  from space 87040K, 19% used [0x00000007a0080000,0x00000007a1129488,0x00000007a5580000)
  to   space 87040K, 0% used [0x00000007bab00000,0x00000007bab00000,0x00000007c0000000)
 ParOldGen       total 1398272K, used 80K [0x0000000700000000, 0x0000000755580000, 0x0000000780000000)
  object space 1398272K, 0% used [0x0000000700000000,0x0000000700014010,0x0000000755580000)
 Metaspace       used 20932K, capacity 21060K, committed 21296K, reserved 1067008K
  class space    used 3064K, capacity 3140K, committed 3200K, reserved 1048576K
Event: 1.099 GC heap after
Heap after GC invocations=2 (full 1):
 PSYoungGen      total 611840K, used 0K [0x0000000780000000, 0x00000007c0000000, 0x00000007c0000000)
  eden space 524800K, 0% used [0x0000000780000000,0x0000000780000000,0x00000007a0080000)
  from space 87040K, 0% used [0x00000007a0080000,0x00000007a0080000,0x00000007a5580000)
  to   space 87040K, 0% used [0x00000007bab00000,0x00000007bab00000,0x00000007c0000000)
 ParOldGen       total 853504K, used 15569K [0x0000000700000000, 0x0000000734180000, 0x0000000780000000)
  object space 853504K, 1% used [0x0000000700000000,0x0000000700f344b8,0x0000000734180000)
 Metaspace       used 20932K, capacity 21060K, committed 21296K, reserved 1067008K
  class space    used 3064K, capacity 3140K, committed 3200K, reserved 1048576K
}
Event: 1.916 GC heap before
{Heap before GC invocations=3 (full 1):
 PSYoungGen      total 611840K, used 321183K [0x0000000780000000, 0x00000007c0000000, 0x00000007c0000000)
  eden space 524800K, 61% used [0x0000000780000000,0x00000007939a7d40,0x00000007a0080000)
  from space 87040K, 0% used [0x00000007a0080000,0x00000007a0080000,0x00000007a5580000)
  to   space 87040K, 0% used [0x00000007bab00000,0x00000007bab00000,0x00000007c0000000)
 ParOldGen       total 853504K, used 15569K [0x0000000700000000, 0x0000000734180000, 0x0000000780000000)
  object space 853504K, 1% used [0x0000000700000000,0x0000000700f344b8,0x0000000734180000)
 Metaspace       used 34904K, capacity 35180K, committed 35496K, reserved 1079296K
  class space    used 5179K, capacity 5284K, committed 5288K, reserved 1048576K
Event: 1.951 GC heap after
Heap after GC invocations=3 (full 1):
 PSYoungGen      total 792576K, used 18316K [0x0000000780000000, 0x00000007bbd00000, 0x00000007c0000000)
  eden space 774144K, 0% used [0x0000000780000000,0x0000000780000000,0x00000007af400000)
  from space 18432K, 99% used [0x00000007bab00000,0x00000007bbce3220,0x00000007bbd00000)
  to   space 87040K, 0% used [0x00000007b1300000,0x00000007b1300000,0x00000007b6800000)
 ParOldGen       total 853504K, used 15577K [0x0000000700000000, 0x0000000734180000, 0x0000000780000000)
  object space 853504K, 1% used [0x0000000700000000,0x0000000700f364b8,0x0000000734180000)
 Metaspace       used 34904K, capacity 35180K, committed 35496K, reserved 1079296K
  class space    used 5179K, capacity 5284K, committed 5288K, reserved 1048576K
}
Event: 1.951 GC heap before
{Heap before GC invocations=4 (full 2):
 PSYoungGen      total 792576K, used 18316K [0x0000000780000000, 0x00000007bbd00000, 0x00000007c0000000)
  eden space 774144K, 0% used [0x0000000780000000,0x0000000780000000,0x00000007af400000)
  from space 18432K, 99% used [0x00000007bab00000,0x00000007bbce3220,0x00000007bbd00000)
  to   space 87040K, 0% used [0x00000007b1300000,0x00000007b1300000,0x00000007b6800000)
 ParOldGen       total 853504K, used 15577K [0x0000000700000000, 0x0000000734180000, 0x0000000780000000)
  object space 853504K, 1% used [0x0000000700000000,0x0000000700f364b8,0x0000000734180000)
 Metaspace       used 34904K, capacity 35180K, committed 35496K, reserved 1079296K
  class space    used 5179K, capacity 5284K, committed 5288K, reserved 1048576K
Event: 1.989 GC heap after
Heap after GC invocations=4 (full 2):
 PSYoungGen      total 792576K, used 0K [0x0000000780000000, 0x00000007bbd00000, 0x00000007c0000000)
  eden space 774144K, 0% used [0x0000000780000000,0x0000000780000000,0x00000007af400000)
  from space 18432K, 0% used [0x00000007bab00000,0x00000007bab00000,0x00000007bbd00000)
  to   space 87040K, 0% used [0x00000007b1300000,0x00000007b1300000,0x00000007b6800000)
 ParOldGen       total 1322496K, used 20810K [0x0000000700000000, 0x0000000750b80000, 0x0000000780000000)
  object space 1322496K, 1% used [0x0000000700000000,0x0000000701452820,0x0000000750b80000)
 Metaspace       used 34904K, capacity 35180K, committed 35496K, reserved 1079296K
  class space    used 5179K, capacity 5284K, committed 5288K, reserved 1048576K
}

