# JRE version: Java(TM) SE Runtime Environment (8.0_241-b07) (build 1.8.0_241-b07)
# Java VM: Java HotSpot(TM) 64-Bit Server VM (25.241-b07 mixed mode linux-amd64 compressed oops)
Heap:
 PSYoungGen      total 793600K, used 216574K [0x0000000780000000, 0x00000007bbd00000, 0x00000007c0000000)
  eden space 775168K, 27% used [0x0000000780000000,0x000000078d37fab0,0x00000007af500000)
  from space 18432K, 0% used [0x00000007bab00000,0x00000007bab00000,0x00000007bbd00000)
  to   space 87040K, 0% used [0x00000007b1300000,0x00000007b1300000,0x00000007b6800000)
 ParOldGen       total 1348608K, used 20811K [0x0000000700000000, 0x0000000752500000, 0x0000000780000000)
  object space 1348608K, 1% used [0x0000000700000000,0x0000000701452f40,0x0000000752500000)
 Metaspace       used 38734K, capacity 39330K, committed 39720K, reserved 1083392K
  class space    used 5716K, capacity 5913K, committed 5928K, reserved 1048576K
GC Heap History (8 events):
Event: 1.050 GC heap before
{Heap before GC invocations=1 (full 0):
 PSYoungGen      total 611840K, used 220417K [0x0000000780000000, 0x00000007aaa80000, 0x00000007c0000000)
  eden space 524800K, 42% used [0x0000000780000000,0x000000078d740710,0x00000007a0080000)
  from space 87040K, 0% used [0x00000007a5580000,0x00000007a5580000,0x00000007aaa80000)
  to   space 87040K, 0% used [0x00000007a0080000,0x00000007a0080000,0x00000007a5580000)
 ParOldGen       total 1398272K, used 0K [0x0000000700000000, 0x0000000755580000, 0x0000000780000000)
  object space 1398272K, 0% used [0x0000000700000000,0x0000000700000000,0x0000000755580000)
 Metaspace       used 20932K, capacity 21060K, committed 21296K, reserved 1067008K
  class space    used 3064K, capacity 3140K, committed 3200K, reserved 1048576K
Event: 1.073 GC heap after
Heap after GC invocations=1 (full 0):
 PSYoungGen      total 611840K, used 17109K [0x0000000780000000, 0x00000007c0000000, 0x00000007c0000000)
  eden space 524800K, 0% used [0x0000000780000000,0x0000000780000000,0x00000007a0080000)
  from space 87040K, 19% used [0x00000007a0080000,0x00000007a1135500,0x00000007a5580000)
  to   space 87040K, 0% used [0x00000007bab00000,0x00000007bab00000,0x00000007c0000000)
 ParOldGen       total 1398272K, used 80K [0x0000000700000000, 0x0000000755580000, 0x0000000780000000)
  object space 1398272K, 0% used [0x0000000700000000,0x0000000700014010,0x0000000755580000)
 Metaspace       used 20932K, capacity 21060K, committed 21296K, reserved 1067008K
  class space    used 3064K, capacity 3140K, committed 3200K, reserved 1048576K
}
Event: 1.073 GC heap before
{Heap before GC invocations=2 (full 1):
 PSYoungGen      total 611840K, used 17109K [0x0000000780000000, 0x00000007c0000000, 0x00000007c0000000)
  eden space 524800K, 0% used [0x0000000780000000,0x0000000780000000,0x00000007a0080000)
  from space 87040K, 19% used [0x00000007a0080000,0x00000007a1135500,0x00000007a5580000)
  to   space 87040K, 0% used [0x00000007bab00000,0x00000007bab00000,0x00000007c0000000)
 ParOldGen       total 1398272K, used 80K [0x0000000700000000, 0x0000000755580000, 0x0000000780000000)
  object space 1398272K, 0% used [0x0000000700000000,0x0000000700014010,0x0000000755580000)
 Metaspace       used 20932K, capacity 21060K, committed 21296K, reserved 1067008K
  class space    used 3064K, capacity 3140K, committed 3200K, reserved 1048576K
Event: 1.108 GC heap after
Heap after GC invocations=2 (full 1):
 PSYoungGen      total 611840K, used 0K [0x0000000780000000, 0x00000007c0000000, 0x00000007c0000000)
  eden space 524800K, 0% used [0x0000000780000000,0x0000000780000000,0x00000007a0080000)
  from space 87040K, 0% used [0x00000007a0080000,0x00000007a0080000,0x00000007a5580000)
  to   space 87040K, 0% used [0x00000007bab00000,0x00000007bab00000,0x00000007c0000000)
 ParOldGen       total 859136K, used 15579K [0x0000000700000000, 0x0000000734700000, 0x0000000780000000)
  object space 859136K, 1% used [0x0000000700000000,0x0000000700f36c88,0x0000000734700000)
 Metaspace       used 20932K, capacity 21060K, committed 21296K, reserved 1067008K
  class space    used 3064K, capacity 3140K, committed 3200K, reserved 1048576K
}
Event: 1.946 GC heap before
{Heap before GC invocations=3 (full 1):
 PSYoungGen      total 611840K, used 321182K [0x0000000780000000, 0x00000007c0000000, 0x00000007c0000000)
  eden space 524800K, 61% used [0x0000000780000000,0x00000007939a79d8,0x00000007a0080000)
  from space 87040K, 0% used [0x00000007a0080000,0x00000007a0080000,0x00000007a5580000)
  to   space 87040K, 0% used [0x00000007bab00000,0x00000007bab00000,0x00000007c0000000)
 ParOldGen       total 859136K, used 15579K [0x0000000700000000, 0x0000000734700000, 0x0000000780000000)
  object space 859136K, 1% used [0x0000000700000000,0x0000000700f36c88,0x0000000734700000)
 Metaspace       used 34908K, capacity 35180K, committed 35496K, reserved 1079296K
  class space    used 5180K, capacity 5284K, committed 5288K, reserved 1048576K
Event: 1.980 GC heap after
Heap after GC invocations=3 (full 1):
 PSYoungGen      total 793600K, used 18334K [0x0000000780000000, 0x00000007bbd00000, 0x00000007c0000000)
  eden space 775168K, 0% used [0x0000000780000000,0x0000000780000000,0x00000007af500000)
  from space 18432K, 99% used [0x00000007bab00000,0x00000007bbce7af0,0x00000007bbd00000)
  to   space 87040K, 0% used [0x00000007b1300000,0x00000007b1300000,0x00000007b6800000)
 ParOldGen       total 859136K, used 15587K [0x0000000700000000, 0x0000000734700000, 0x0000000780000000)
  object space 859136K, 1% used [0x0000000700000000,0x0000000700f38c88,0x0000000734700000)
 Metaspace       used 34908K, capacity 35180K, committed 35496K, reserved 1079296K
  class space    used 5180K, capacity 5284K, committed 5288K, reserved 1048576K
}
Event: 1.980 GC heap before
{Heap before GC invocations=4 (full 2):
 PSYoungGen      total 793600K, used 18334K [0x0000000780000000, 0x00000007bbd00000, 0x00000007c0000000)
  eden space 775168K, 0% used [0x0000000780000000,0x0000000780000000,0x00000007af500000)
  from space 18432K, 99% used [0x00000007bab00000,0x00000007bbce7af0,0x00000007bbd00000)
  to   space 87040K, 0% used [0x00000007b1300000,0x00000007b1300000,0x00000007b6800000)
 ParOldGen       total 859136K, used 15587K [0x0000000700000000, 0x0000000734700000, 0x0000000780000000)
  object space 859136K, 1% used [0x0000000700000000,0x0000000700f38c88,0x0000000734700000)
 Metaspace       used 34908K, capacity 35180K, committed 35496K, reserved 1079296K
  class space    used 5180K, capacity 5284K, committed 5288K, reserved 1048576K
Event: 2.023 GC heap after
Heap after GC invocations=4 (full 2):
 PSYoungGen      total 793600K, used 0K [0x0000000780000000, 0x00000007bbd00000, 0x00000007c0000000)
  eden space 775168K, 0% used [0x0000000780000000,0x0000000780000000,0x00000007af500000)
  from space 18432K, 0% used [0x00000007bab00000,0x00000007bab00000,0x00000007bbd00000)
  to   space 87040K, 0% used [0x00000007b1300000,0x00000007b1300000,0x00000007b6800000)
 ParOldGen       total 1348608K, used 20811K [0x0000000700000000, 0x0000000752500000, 0x0000000780000000)
  object space 1348608K, 1% used [0x0000000700000000,0x0000000701452f40,0x0000000752500000)
 Metaspace       used 34908K, capacity 35180K, committed 35496K, reserved 1079296K
  class space    used 5180K, capacity 5284K, committed 5288K, reserved 1048576K
}

